{"/home/ubuntu/github/skill-manager/lib/skillLogic.js": {"path":"/home/ubuntu/github/skill-manager/lib/skillLogic.js","statementMap":{"0":{"start":{"line":3,"column":13},"end":{"line":3,"column":28}},"1":{"start":{"line":20,"column":58},"end":{"line":20,"column":65}},"2":{"start":{"line":23,"column":19},"end":{"line":23,"column":34}},"3":{"start":{"line":24,"column":2},"end":{"line":28,"column":3}},"4":{"start":{"line":25,"column":4},"end":{"line":25,"column":73}},"5":{"start":{"line":25,"column":62},"end":{"line":25,"column":73}},"6":{"start":{"line":26,"column":4},"end":{"line":26,"column":81}},"7":{"start":{"line":26,"column":70},"end":{"line":26,"column":81}},"8":{"start":{"line":27,"column":4},"end":{"line":27,"column":16}},"9":{"start":{"line":31,"column":2},"end":{"line":37,"column":3}},"10":{"start":{"line":32,"column":22},"end":{"line":32,"column":39}},"11":{"start":{"line":33,"column":4},"end":{"line":36,"column":5}},"12":{"start":{"line":34,"column":6},"end":{"line":34,"column":72}},"13":{"start":{"line":34,"column":60},"end":{"line":34,"column":72}},"14":{"start":{"line":35,"column":6},"end":{"line":35,"column":77}},"15":{"start":{"line":35,"column":65},"end":{"line":35,"column":77}},"16":{"start":{"line":40,"column":15},"end":{"line":40,"column":31}},"17":{"start":{"line":41,"column":2},"end":{"line":41,"column":24}},"18":{"start":{"line":41,"column":13},"end":{"line":41,"column":24}},"19":{"start":{"line":42,"column":2},"end":{"line":42,"column":48}},"20":{"start":{"line":42,"column":17},"end":{"line":42,"column":48}},"21":{"start":{"line":43,"column":2},"end":{"line":43,"column":55}},"22":{"start":{"line":43,"column":20},"end":{"line":43,"column":55}},"23":{"start":{"line":44,"column":2},"end":{"line":44,"column":13}},"24":{"start":{"line":55,"column":52},"end":{"line":55,"column":59}},"25":{"start":{"line":58,"column":4},"end":{"line":59,"column":17}},"26":{"start":{"line":58,"column":25},"end":{"line":58,"column":76}},"27":{"start":{"line":61,"column":2},"end":{"line":61,"column":74}},"28":{"start":{"line":61,"column":43},"end":{"line":61,"column":74}},"29":{"start":{"line":63,"column":14},"end":{"line":63,"column":46}},"30":{"start":{"line":64,"column":2},"end":{"line":64,"column":31}},"31":{"start":{"line":80,"column":68},"end":{"line":80,"column":75}},"32":{"start":{"line":81,"column":17},"end":{"line":81,"column":19}},"33":{"start":{"line":84,"column":4},"end":{"line":84,"column":25}},"34":{"start":{"line":84,"column":19},"end":{"line":84,"column":25}},"35":{"start":{"line":86,"column":4},"end":{"line":90,"column":5}},"36":{"start":{"line":87,"column":6},"end":{"line":87,"column":63}},"37":{"start":{"line":89,"column":6},"end":{"line":89,"column":12}},"38":{"start":{"line":92,"column":21},"end":{"line":92,"column":75}},"39":{"start":{"line":92,"column":39},"end":{"line":92,"column":74}},"40":{"start":{"line":93,"column":4},"end":{"line":96,"column":5}},"41":{"start":{"line":94,"column":6},"end":{"line":94,"column":66}},"42":{"start":{"line":94,"column":50},"end":{"line":94,"column":66}},"43":{"start":{"line":95,"column":6},"end":{"line":95,"column":12}},"44":{"start":{"line":98,"column":4},"end":{"line":103,"column":5}},"45":{"start":{"line":99,"column":6},"end":{"line":99,"column":40}},"46":{"start":{"line":99,"column":32},"end":{"line":99,"column":40}},"47":{"start":{"line":100,"column":6},"end":{"line":100,"column":59}},"48":{"start":{"line":100,"column":51},"end":{"line":100,"column":59}},"49":{"start":{"line":101,"column":6},"end":{"line":101,"column":66}},"50":{"start":{"line":101,"column":58},"end":{"line":101,"column":66}},"51":{"start":{"line":102,"column":6},"end":{"line":102,"column":49}},"52":{"start":{"line":106,"column":2},"end":{"line":106,"column":44}},"53":{"start":{"line":106,"column":32},"end":{"line":106,"column":44}},"54":{"start":{"line":107,"column":2},"end":{"line":107,"column":22}},"55":{"start":{"line":110,"column":0},"end":{"line":110,"column":60}}},"fnMap":{"0":{"name":"isAllowed","decl":{"start":{"line":19,"column":9},"end":{"line":19,"column":18}},"loc":{"start":{"line":19,"column":52},"end":{"line":45,"column":1}},"line":19},"1":{"name":"getSkillGroup","decl":{"start":{"line":54,"column":9},"end":{"line":54,"column":22}},"loc":{"start":{"line":54,"column":42},"end":{"line":65,"column":1}},"line":54},"2":{"name":"(anonymous_2)","decl":{"start":{"line":58,"column":20},"end":{"line":58,"column":21}},"loc":{"start":{"line":58,"column":25},"end":{"line":58,"column":76}},"line":58},"3":{"name":"findSkillDirs","decl":{"start":{"line":79,"column":9},"end":{"line":79,"column":22}},"loc":{"start":{"line":79,"column":32},"end":{"line":108,"column":1}},"line":79},"4":{"name":"walk","decl":{"start":{"line":83,"column":11},"end":{"line":83,"column":15}},"loc":{"start":{"line":83,"column":28},"end":{"line":104,"column":3}},"line":83},"5":{"name":"(anonymous_5)","decl":{"start":{"line":92,"column":34},"end":{"line":92,"column":35}},"loc":{"start":{"line":92,"column":39},"end":{"line":92,"column":74}},"line":92}},"branchMap":{"0":{"loc":{"start":{"line":20,"column":10},"end":{"line":20,"column":24}},"type":"default-arg","locations":[{"start":{"line":20,"column":22},"end":{"line":20,"column":24}}],"line":20},"1":{"loc":{"start":{"line":20,"column":26},"end":{"line":20,"column":41}},"type":"default-arg","locations":[{"start":{"line":20,"column":39},"end":{"line":20,"column":41}}],"line":20},"2":{"loc":{"start":{"line":20,"column":43},"end":{"line":20,"column":53}},"type":"default-arg","locations":[{"start":{"line":20,"column":51},"end":{"line":20,"column":53}}],"line":20},"3":{"loc":{"start":{"line":24,"column":2},"end":{"line":28,"column":3}},"type":"if","locations":[{"start":{"line":24,"column":2},"end":{"line":28,"column":3}},{"start":{},"end":{}}],"line":24},"4":{"loc":{"start":{"line":24,"column":6},"end":{"line":24,"column":35}},"type":"binary-expr","locations":[{"start":{"line":24,"column":6},"end":{"line":24,"column":14}},{"start":{"line":24,"column":18},"end":{"line":24,"column":35}}],"line":24},"5":{"loc":{"start":{"line":25,"column":4},"end":{"line":25,"column":73}},"type":"if","locations":[{"start":{"line":25,"column":4},"end":{"line":25,"column":73}},{"start":{},"end":{}}],"line":25},"6":{"loc":{"start":{"line":25,"column":8},"end":{"line":25,"column":60}},"type":"binary-expr","locations":[{"start":{"line":25,"column":8},"end":{"line":25,"column":22}},{"start":{"line":25,"column":26},"end":{"line":25,"column":60}}],"line":25},"7":{"loc":{"start":{"line":26,"column":4},"end":{"line":26,"column":81}},"type":"if","locations":[{"start":{"line":26,"column":4},"end":{"line":26,"column":81}},{"start":{},"end":{}}],"line":26},"8":{"loc":{"start":{"line":26,"column":8},"end":{"line":26,"column":68}},"type":"binary-expr","locations":[{"start":{"line":26,"column":8},"end":{"line":26,"column":28}},{"start":{"line":26,"column":32},"end":{"line":26,"column":68}}],"line":26},"9":{"loc":{"start":{"line":31,"column":2},"end":{"line":37,"column":3}},"type":"if","locations":[{"start":{"line":31,"column":2},"end":{"line":37,"column":3}},{"start":{},"end":{}}],"line":31},"10":{"loc":{"start":{"line":33,"column":4},"end":{"line":36,"column":5}},"type":"if","locations":[{"start":{"line":33,"column":4},"end":{"line":36,"column":5}},{"start":{},"end":{}}],"line":33},"11":{"loc":{"start":{"line":34,"column":6},"end":{"line":34,"column":72}},"type":"if","locations":[{"start":{"line":34,"column":6},"end":{"line":34,"column":72}},{"start":{},"end":{}}],"line":34},"12":{"loc":{"start":{"line":34,"column":10},"end":{"line":34,"column":58}},"type":"binary-expr","locations":[{"start":{"line":34,"column":10},"end":{"line":34,"column":24}},{"start":{"line":34,"column":28},"end":{"line":34,"column":58}}],"line":34},"13":{"loc":{"start":{"line":35,"column":6},"end":{"line":35,"column":77}},"type":"if","locations":[{"start":{"line":35,"column":6},"end":{"line":35,"column":77}},{"start":{},"end":{}}],"line":35},"14":{"loc":{"start":{"line":35,"column":10},"end":{"line":35,"column":63}},"type":"binary-expr","locations":[{"start":{"line":35,"column":10},"end":{"line":35,"column":27}},{"start":{"line":35,"column":31},"end":{"line":35,"column":63}}],"line":35},"15":{"loc":{"start":{"line":41,"column":2},"end":{"line":41,"column":24}},"type":"if","locations":[{"start":{"line":41,"column":2},"end":{"line":41,"column":24}},{"start":{},"end":{}}],"line":41},"16":{"loc":{"start":{"line":42,"column":2},"end":{"line":42,"column":48}},"type":"if","locations":[{"start":{"line":42,"column":2},"end":{"line":42,"column":48}},{"start":{},"end":{}}],"line":42},"17":{"loc":{"start":{"line":43,"column":2},"end":{"line":43,"column":55}},"type":"if","locations":[{"start":{"line":43,"column":2},"end":{"line":43,"column":55}},{"start":{},"end":{}}],"line":43},"18":{"loc":{"start":{"line":55,"column":10},"end":{"line":55,"column":25}},"type":"default-arg","locations":[{"start":{"line":55,"column":23},"end":{"line":55,"column":25}}],"line":55},"19":{"loc":{"start":{"line":55,"column":27},"end":{"line":55,"column":47}},"type":"default-arg","locations":[{"start":{"line":55,"column":45},"end":{"line":55,"column":47}}],"line":55},"20":{"loc":{"start":{"line":58,"column":4},"end":{"line":59,"column":17}},"type":"binary-expr","locations":[{"start":{"line":58,"column":4},"end":{"line":58,"column":77}},{"start":{"line":59,"column":4},"end":{"line":59,"column":17}}],"line":58},"21":{"loc":{"start":{"line":58,"column":25},"end":{"line":58,"column":76}},"type":"binary-expr","locations":[{"start":{"line":58,"column":25},"end":{"line":58,"column":58}},{"start":{"line":58,"column":62},"end":{"line":58,"column":76}}],"line":58},"22":{"loc":{"start":{"line":61,"column":2},"end":{"line":61,"column":74}},"type":"if","locations":[{"start":{"line":61,"column":2},"end":{"line":61,"column":74}},{"start":{},"end":{}}],"line":61},"23":{"loc":{"start":{"line":61,"column":6},"end":{"line":61,"column":41}},"type":"binary-expr","locations":[{"start":{"line":61,"column":6},"end":{"line":61,"column":13}},{"start":{"line":61,"column":17},"end":{"line":61,"column":41}}],"line":61},"24":{"loc":{"start":{"line":84,"column":4},"end":{"line":84,"column":25}},"type":"if","locations":[{"start":{"line":84,"column":4},"end":{"line":84,"column":25}},{"start":{},"end":{}}],"line":84},"25":{"loc":{"start":{"line":92,"column":39},"end":{"line":92,"column":74}},"type":"binary-expr","locations":[{"start":{"line":92,"column":39},"end":{"line":92,"column":60}},{"start":{"line":92,"column":64},"end":{"line":92,"column":74}}],"line":92},"26":{"loc":{"start":{"line":93,"column":4},"end":{"line":96,"column":5}},"type":"if","locations":[{"start":{"line":93,"column":4},"end":{"line":96,"column":5}},{"start":{},"end":{}}],"line":93},"27":{"loc":{"start":{"line":94,"column":6},"end":{"line":94,"column":66}},"type":"if","locations":[{"start":{"line":94,"column":6},"end":{"line":94,"column":66}},{"start":{},"end":{}}],"line":94},"28":{"loc":{"start":{"line":99,"column":6},"end":{"line":99,"column":40}},"type":"if","locations":[{"start":{"line":99,"column":6},"end":{"line":99,"column":40}},{"start":{},"end":{}}],"line":99},"29":{"loc":{"start":{"line":100,"column":6},"end":{"line":100,"column":59}},"type":"if","locations":[{"start":{"line":100,"column":6},"end":{"line":100,"column":59}},{"start":{},"end":{}}],"line":100},"30":{"loc":{"start":{"line":100,"column":10},"end":{"line":100,"column":49}},"type":"binary-expr","locations":[{"start":{"line":100,"column":10},"end":{"line":100,"column":36}},{"start":{"line":100,"column":40},"end":{"line":100,"column":49}}],"line":100},"31":{"loc":{"start":{"line":101,"column":6},"end":{"line":101,"column":66}},"type":"if","locations":[{"start":{"line":101,"column":6},"end":{"line":101,"column":66}},{"start":{},"end":{}}],"line":101},"32":{"loc":{"start":{"line":101,"column":10},"end":{"line":101,"column":56}},"type":"binary-expr","locations":[{"start":{"line":101,"column":10},"end":{"line":101,"column":21}},{"start":{"line":101,"column":25},"end":{"line":101,"column":56}}],"line":101}},"s":{"0":19,"1":25,"2":25,"3":25,"4":8,"5":3,"6":5,"7":1,"8":4,"9":17,"10":15,"11":15,"12":5,"13":2,"14":3,"15":1,"16":14,"17":14,"18":8,"19":6,"20":3,"21":3,"22":2,"23":1,"24":21,"25":21,"26":22,"27":21,"28":2,"29":19,"30":19,"31":20,"32":20,"33":61,"34":0,"35":61,"36":61,"37":2,"38":59,"39":68,"40":59,"41":25,"42":23,"43":25,"44":34,"45":43,"46":1,"47":42,"48":1,"49":41,"50":1,"51":40,"52":20,"53":21,"54":20,"55":19},"f":{"0":25,"1":21,"2":22,"3":20,"4":61,"5":68},"b":{"0":[0],"1":[0],"2":[0],"3":[8,17],"4":[25,9],"5":[3,5],"6":[8,4],"7":[1,4],"8":[5,2],"9":[15,2],"10":[5,10],"11":[2,3],"12":[5,3],"13":[1,2],"14":[3,2],"15":[8,6],"16":[3,3],"17":[2,1],"18":[0],"19":[0],"20":[21,1],"21":[22,3],"22":[2,19],"23":[21,21],"24":[0,61],"25":[68,25],"26":[25,34],"27":[23,2],"28":[1,42],"29":[1,41],"30":[42,2],"31":[1,40],"32":[41,23]},"_coverageSchema":"1a1c01bbd47fc00a2c39e90264f33305004495a9","hash":"28a4c4e15911e74ce639126164d02da0f0eb14ea"}
}
