TN:
SF:lib/skillLogic.js
FN:19,isAllowed
FN:54,getSkillGroup
FN:58,(anonymous_2)
FN:79,findSkillDirs
FN:83,walk
FN:92,(anonymous_5)
FNF:6
FNH:6
FNDA:25,isAllowed
FNDA:21,getSkillGroup
FNDA:22,(anonymous_2)
FNDA:20,findSkillDirs
FNDA:61,walk
FNDA:68,(anonymous_5)
DA:3,19
DA:20,25
DA:23,25
DA:24,25
DA:25,8
DA:26,5
DA:27,4
DA:31,17
DA:32,15
DA:33,15
DA:34,5
DA:35,3
DA:40,14
DA:41,14
DA:42,6
DA:43,3
DA:44,1
DA:55,21
DA:58,22
DA:61,21
DA:63,19
DA:64,19
DA:80,20
DA:81,20
DA:84,61
DA:86,61
DA:87,61
DA:89,2
DA:92,68
DA:93,59
DA:94,25
DA:95,25
DA:98,34
DA:99,43
DA:100,42
DA:101,41
DA:102,40
DA:106,21
DA:107,20
DA:110,19
LF:40
LH:40
BRDA:20,0,0,0
BRDA:20,1,0,0
BRDA:20,2,0,0
BRDA:24,3,0,8
BRDA:24,3,1,17
BRDA:24,4,0,25
BRDA:24,4,1,9
BRDA:25,5,0,3
BRDA:25,5,1,5
BRDA:25,6,0,8
BRDA:25,6,1,4
BRDA:26,7,0,1
BRDA:26,7,1,4
BRDA:26,8,0,5
BRDA:26,8,1,2
BRDA:31,9,0,15
BRDA:31,9,1,2
BRDA:33,10,0,5
BRDA:33,10,1,10
BRDA:34,11,0,2
BRDA:34,11,1,3
BRDA:34,12,0,5
BRDA:34,12,1,3
BRDA:35,13,0,1
BRDA:35,13,1,2
BRDA:35,14,0,3
BRDA:35,14,1,2
BRDA:41,15,0,8
BRDA:41,15,1,6
BRDA:42,16,0,3
BRDA:42,16,1,3
BRDA:43,17,0,2
BRDA:43,17,1,1
BRDA:55,18,0,0
BRDA:55,19,0,0
BRDA:58,20,0,21
BRDA:58,20,1,1
BRDA:58,21,0,22
BRDA:58,21,1,3
BRDA:61,22,0,2
BRDA:61,22,1,19
BRDA:61,23,0,21
BRDA:61,23,1,21
BRDA:84,24,0,0
BRDA:84,24,1,61
BRDA:92,25,0,68
BRDA:92,25,1,25
BRDA:93,26,0,25
BRDA:93,26,1,34
BRDA:94,27,0,23
BRDA:94,27,1,2
BRDA:99,28,0,1
BRDA:99,28,1,42
BRDA:100,29,0,1
BRDA:100,29,1,41
BRDA:100,30,0,42
BRDA:100,30,1,2
BRDA:101,31,0,1
BRDA:101,31,1,40
BRDA:101,32,0,41
BRDA:101,32,1,23
BRF:61
BRH:55
end_of_record
